<?xml version="1.0" encoding="UTF-8"?>
<testsuites name="Visual Testing" time="18.646" tests="1" failures="0" errors="0">
   <testsuite name="Visual Testing" tests="1" failures="0" errors="0" time="18.646" skipped="0" timestamp="2022-06-06 21:52:41" hostname="Shelly - LAPTOP-E00FH6K0.mshome.net" id="Test Suites/Visual Testing">
      <properties>
         <property name="deviceName" value=""/>
         <property name="devicePlatform" value=""/>
         <property name="logFolder" value="C:\\Users\\Shelly\\git\\test_ui\\test_ui\\Reports\\20220606_215232\\Visual Testing\\20220606_215233"/>
         <property name="logFiles" value="C:\\Users\\Shelly\\git\\test_ui\\test_ui\\Reports\\20220606_215232\\Visual Testing\\20220606_215233\\execution0.log"/>
         <property name="attachments" value="keyes\keyes-demo_visual.png"/>
         <property name="hostName" value="Shelly - LAPTOP-E00FH6K0.mshome.net"/>
         <property name="os" value="Windows 10 64bit"/>
         <property name="katalonVersion" value="8.3.5.208"/>
         <property name="browser" value="Chrome 102.0.5005.63"/>
         <property name="hostAddress" value="172.24.240.1"/>
         <property name="sessionId" value="e85697a79921b7b45a52fc191eb349d9"/>
         <property name="seleniumVersion" value="3.141.59"/>
         <property name="proxyInformation" value="ProxyInformation { proxyOption=NO_PROXY, proxyServerType=HTTP, username=, password=********, proxyServerAddress=, proxyServerPort=0, executionList=&quot;&quot;, isApplyToDesiredCapabilities=true }"/>
         <property name="platform" value="Windows 10"/>
      </properties>
      <testcase name="Test Cases/visual testing" time="18.311" classname="Test Cases/visual testing" status="PASSED">
         <system-out><![CDATA[2022-06-06 21:52:41 - [TEST_CASE][PASSED] - Test Cases/visual testing: Test Cases/visual testing

2022-06-06 21:52:42 - [TEST_STEP][PASSED] - openBrowser(""): Browser is opened with url: ''

2022-06-06 21:52:42 - [MESSAGE][INFO] - Starting 'Chrome' driver

2022-06-06 21:52:42 - [MESSAGE][INFO] - Action delay is set to 0 milliseconds

2022-06-06 21:52:45 - [MESSAGE][PASSED] - Browser is opened with url: ''

2022-06-06 21:52:45 - [TEST_STEP][PASSED] - navigateToUrl("https://opensource-demo.orangehrmlive.com/"): Navigate to 'https://opensource-demo.orangehrmlive.com/' successfully

2022-06-06 21:52:51 - [MESSAGE][PASSED] - Navigate to 'https://opensource-demo.orangehrmlive.com/' successfully

2022-06-06 21:52:51 - [TEST_STEP][PASSED] - maximizeWindow(): Current window maximized

2022-06-06 21:52:51 - [MESSAGE][PASSED] - Current window maximized

2022-06-06 21:52:51 - [TEST_STEP][PASSED] - delay(7): Delayed 7 second(s)

2022-06-06 21:52:58 - [MESSAGE][PASSED] - Delayed 7 second(s)

2022-06-06 21:52:58 - [TEST_STEP][PASSED] - takeScreenshotAsCheckpoint("demo_visual", CONTINUE_ON_FAILURE): Taking screenshot successfully

2022-06-06 21:52:59 - [MESSAGE][INFO] - 0 hidden object(s)

2022-06-06 21:53:00 - [MESSAGE][PASSED] - Taking screenshot successfully
[[ATTACHMENT|keyes\keyes-demo_visual.png]]]]></system-out>
         <system-err><![CDATA[]]></system-err>
      </testcase>
      <system-out><![CDATA[2022-06-06 21:52:41 - [TEST_SUITE][PASSED] - Visual Testing: Test Cases/visual testing]]></system-out>
      <system-err><![CDATA[]]></system-err>
   </testsuite>
</testsuites>
